# JRE version: Java(TM) SE Runtime Environment (7.0_75-b13) (build 1.7.0_75-b13)
# Java VM: Java HotSpot(TM) 64-Bit Server VM (24.75-b04 mixed mode windows-amd64 compressed oops)
Heap
 PSYoungGen      total 142336K, used 105830K [0x00000000eaa80000, 0x00000000f8d00000, 0x0000000100000000)
  eden space 132608K, 77% used [0x00000000eaa80000,0x00000000f0ee99c0,0x00000000f2c00000)
  from space 9728K, 30% used [0x00000000f2c00000,0x00000000f2ef0010,0x00000000f3580000)
  to   space 9728K, 0% used [0x00000000f8380000,0x00000000f8380000,0x00000000f8d00000)
 ParOldGen       total 86528K, used 13225K [0x00000000c0000000, 0x00000000c5480000, 0x00000000eaa80000)
  object space 86528K, 15% used [0x00000000c0000000,0x00000000c0cea410,0x00000000c5480000)
 PSPermGen       total 30720K, used 30480K [0x00000000b0000000, 0x00000000b1e00000, 0x00000000c0000000)
  object space 30720K, 99% used [0x00000000b0000000,0x00000000b1dc40f0,0x00000000b1e00000)
GC Heap History (10 events):
Event: 8.978 GC heap before
{Heap before GC invocations=5 (full 0):
 PSYoungGen      total 38400K, used 38392K [0x00000000eaa80000, 0x00000000ed500000, 0x0000000100000000)
  eden space 33280K, 100% used [0x00000000eaa80000,0x00000000ecb00000,0x00000000ecb00000)
  from space 5120K, 99% used [0x00000000ed000000,0x00000000ed4fe0f0,0x00000000ed500000)
  to   space 5120K, 0% used [0x00000000ecb00000,0x00000000ecb00000,0x00000000ed000000)
 ParOldGen       total 86528K, used 7729K [0x00000000c0000000, 0x00000000c5480000, 0x00000000eaa80000)
  object space 86528K, 8% used [0x00000000c0000000,0x00000000c078c780,0x00000000c5480000)
 PSPermGen       total 21504K, used 20483K [0x00000000b0000000, 0x00000000b1500000, 0x00000000c0000000)
  object space 21504K, 95% used [0x00000000b0000000,0x00000000b1400fa0,0x00000000b1500000)
Event: 8.984 GC heap after
Heap after GC invocations=5 (full 0):
 PSYoungGen      total 38400K, used 5112K [0x00000000eaa80000, 0x00000000efe80000, 0x0000000100000000)
  eden space 33280K, 0% used [0x00000000eaa80000,0x00000000eaa80000,0x00000000ecb00000)
  from space 5120K, 99% used [0x00000000ecb00000,0x00000000ecffe110,0x00000000ed000000)
  to   space 9728K, 0% used [0x00000000ef500000,0x00000000ef500000,0x00000000efe80000)
 ParOldGen       total 86528K, used 7913K [0x00000000c0000000, 0x00000000c5480000, 0x00000000eaa80000)
  object space 86528K, 9% used [0x00000000c0000000,0x00000000c07ba780,0x00000000c5480000)
 PSPermGen       total 21504K, used 20483K [0x00000000b0000000, 0x00000000b1500000, 0x00000000c0000000)
  object space 21504K, 95% used [0x00000000b0000000,0x00000000b1400fa0,0x00000000b1500000)
}
Event: 9.067 GC heap before
{Heap before GC invocations=6 (full 0):
 PSYoungGen      total 38400K, used 38392K [0x00000000eaa80000, 0x00000000efe80000, 0x0000000100000000)
  eden space 33280K, 100% used [0x00000000eaa80000,0x00000000ecb00000,0x00000000ecb00000)
  from space 5120K, 99% used [0x00000000ecb00000,0x00000000ecffe110,0x00000000ed000000)
  to   space 9728K, 0% used [0x00000000ef500000,0x00000000ef500000,0x00000000efe80000)
 ParOldGen       total 86528K, used 7913K [0x00000000c0000000, 0x00000000c5480000, 0x00000000eaa80000)
  object space 86528K, 9% used [0x00000000c0000000,0x00000000c07ba780,0x00000000c5480000)
 PSPermGen       total 21504K, used 20486K [0x00000000b0000000, 0x00000000b1500000, 0x00000000c0000000)
  object space 21504K, 95% used [0x00000000b0000000,0x00000000b1401980,0x00000000b1500000)
Event: 9.073 GC heap after
Heap after GC invocations=6 (full 0):
 PSYoungGen      total 75264K, used 5444K [0x00000000eaa80000, 0x00000000efd80000, 0x0000000100000000)
  eden space 66560K, 0% used [0x00000000eaa80000,0x00000000eaa80000,0x00000000eeb80000)
  from space 8704K, 62% used [0x00000000ef500000,0x00000000efa510e0,0x00000000efd80000)
  to   space 9216K, 0% used [0x00000000eeb80000,0x00000000eeb80000,0x00000000ef480000)
 ParOldGen       total 86528K, used 7913K [0x00000000c0000000, 0x00000000c5480000, 0x00000000eaa80000)
  object space 86528K, 9% used [0x00000000c0000000,0x00000000c07ba780,0x00000000c5480000)
 PSPermGen       total 21504K, used 20486K [0x00000000b0000000, 0x00000000b1500000, 0x00000000c0000000)
  object space 21504K, 95% used [0x00000000b0000000,0x00000000b1401980,0x00000000b1500000)
}
Event: 9.567 GC heap before
{Heap before GC invocations=7 (full 0):
 PSYoungGen      total 75264K, used 72004K [0x00000000eaa80000, 0x00000000efd80000, 0x0000000100000000)
  eden space 66560K, 100% used [0x00000000eaa80000,0x00000000eeb80000,0x00000000eeb80000)
  from space 8704K, 62% used [0x00000000ef500000,0x00000000efa510e0,0x00000000efd80000)
  to   space 9216K, 0% used [0x00000000eeb80000,0x00000000eeb80000,0x00000000ef480000)
 ParOldGen       total 86528K, used 7913K [0x00000000c0000000, 0x00000000c5480000, 0x00000000eaa80000)
  object space 86528K, 9% used [0x00000000c0000000,0x00000000c07ba780,0x00000000c5480000)
 PSPermGen       total 22528K, used 22431K [0x00000000b0000000, 0x00000000b1600000, 0x00000000c0000000)
  object space 22528K, 99% used [0x00000000b0000000,0x00000000b15e7ec0,0x00000000b1600000)
Event: 9.576 GC heap after
Heap after GC invocations=7 (full 0):
 PSYoungGen      total 75776K, used 5399K [0x00000000eaa80000, 0x00000000f3e80000, 0x0000000100000000)
  eden space 66560K, 0% used [0x00000000eaa80000,0x00000000eaa80000,0x00000000eeb80000)
  from space 9216K, 58% used [0x00000000eeb80000,0x00000000ef0c5f18,0x00000000ef480000)
  to   space 9216K, 0% used [0x00000000f3580000,0x00000000f3580000,0x00000000f3e80000)
 ParOldGen       total 86528K, used 10916K [0x00000000c0000000, 0x00000000c5480000, 0x00000000eaa80000)
  object space 86528K, 12% used [0x00000000c0000000,0x00000000c0aa9388,0x00000000c5480000)
 PSPermGen       total 22528K, used 22431K [0x00000000b0000000, 0x00000000b1600000, 0x00000000c0000000)
  object space 22528K, 99% used [0x00000000b0000000,0x00000000b15e7ec0,0x00000000b1600000)
}
Event: 9.730 GC heap before
{Heap before GC invocations=8 (full 0):
 PSYoungGen      total 75776K, used 71959K [0x00000000eaa80000, 0x00000000f3e80000, 0x0000000100000000)
  eden space 66560K, 100% used [0x00000000eaa80000,0x00000000eeb80000,0x00000000eeb80000)
  from space 9216K, 58% used [0x00000000eeb80000,0x00000000ef0c5f18,0x00000000ef480000)
  to   space 9216K, 0% used [0x00000000f3580000,0x00000000f3580000,0x00000000f3e80000)
 ParOldGen       total 86528K, used 10916K [0x00000000c0000000, 0x00000000c5480000, 0x00000000eaa80000)
  object space 86528K, 12% used [0x00000000c0000000,0x00000000c0aa9388,0x00000000c5480000)
 PSPermGen       total 22528K, used 22454K [0x00000000b0000000, 0x00000000b1600000, 0x00000000c0000000)
  object space 22528K, 99% used [0x00000000b0000000,0x00000000b15ed900,0x00000000b1600000)
Event: 9.734 GC heap after
Heap after GC invocations=8 (full 0):
 PSYoungGen      total 141824K, used 2752K [0x00000000eaa80000, 0x00000000f3f80000, 0x0000000100000000)
  eden space 132608K, 0% used [0x00000000eaa80000,0x00000000eaa80000,0x00000000f2c00000)
  from space 9216K, 29% used [0x00000000f3580000,0x00000000f3830020,0x00000000f3e80000)
  to   space 9728K, 0% used [0x00000000f2c00000,0x00000000f2c00000,0x00000000f3580000)
 ParOldGen       total 86528K, used 12881K [0x00000000c0000000, 0x00000000c5480000, 0x00000000eaa80000)
  object space 86528K, 14% used [0x00000000c0000000,0x00000000c0c94400,0x00000000c5480000)
 PSPermGen       total 22528K, used 22454K [0x00000000b0000000, 0x00000000b1600000, 0x00000000c0000000)
  object space 22528K, 99% used [0x00000000b0000000,0x00000000b15ed900,0x00000000b1600000)
}
Event: 10.138 GC heap before
{Heap before GC invocations=9 (full 0):
 PSYoungGen      total 141824K, used 135360K [0x00000000eaa80000, 0x00000000f3f80000, 0x0000000100000000)
  eden space 132608K, 100% used [0x00000000eaa80000,0x00000000f2c00000,0x00000000f2c00000)
  from space 9216K, 29% used [0x00000000f3580000,0x00000000f3830020,0x00000000f3e80000)
  to   space 9728K, 0% used [0x00000000f2c00000,0x00000000f2c00000,0x00000000f3580000)
 ParOldGen       total 86528K, used 12881K [0x00000000c0000000, 0x00000000c5480000, 0x00000000eaa80000)
  object space 86528K, 14% used [0x00000000c0000000,0x00000000c0c94400,0x00000000c5480000)
 PSPermGen       total 22528K, used 22473K [0x00000000b0000000, 0x00000000b1600000, 0x00000000c0000000)
  object space 22528K, 99% used [0x00000000b0000000,0x00000000b15f2718,0x00000000b1600000)
Event: 10.140 GC heap after
Heap after GC invocations=9 (full 0):
 PSYoungGen      total 142336K, used 3008K [0x00000000eaa80000, 0x00000000f8d00000, 0x0000000100000000)
  eden space 132608K, 0% used [0x00000000eaa80000,0x00000000eaa80000,0x00000000f2c00000)
  from space 9728K, 30% used [0x00000000f2c00000,0x00000000f2ef0010,0x00000000f3580000)
  to   space 9728K, 0% used [0x00000000f8380000,0x00000000f8380000,0x00000000f8d00000)
 ParOldGen       total 86528K, used 13225K [0x00000000c0000000, 0x00000000c5480000, 0x00000000eaa80000)
  object space 86528K, 15% used [0x00000000c0000000,0x00000000c0cea410,0x00000000c5480000)
 PSPermGen       total 22528K, used 22473K [0x00000000b0000000, 0x00000000b1600000, 0x00000000c0000000)
  object space 22528K, 99% used [0x00000000b0000000,0x00000000b15f2718,0x00000000b1600000)
}

