# JRE version: Java(TM) SE Runtime Environment (8.0_11-b12) (build 1.8.0_11-b12)
# Java VM: Java HotSpot(TM) 64-Bit Server VM (25.11-b03 mixed mode windows-amd64 compressed oops)
Heap:
 PSYoungGen      total 68608K, used 32142K [0x00000000eab00000, 0x00000000efe00000, 0x0000000100000000)
  eden space 64512K, 46% used [0x00000000eab00000,0x00000000ec80b0c8,0x00000000eea00000)
  from space 4096K, 58% used [0x00000000efa00000,0x00000000efc58a20,0x00000000efe00000)
  to   space 5632K, 0% used [0x00000000ef300000,0x00000000ef300000,0x00000000ef880000)
 ParOldGen       total 15872K, used 11144K [0x00000000c0000000, 0x00000000c0f80000, 0x00000000eab00000)
  object space 15872K, 70% used [0x00000000c0000000,0x00000000c0ae21b0,0x00000000c0f80000)
 Metaspace       used 28745K, capacity 29388K, committed 29696K, reserved 1075200K
  class space    used 3847K, capacity 4051K, committed 4096K, reserved 1048576K
GC Heap History (10 events):
Event: 2.930 GC heap before
{Heap before GC invocations=20 (full 0):
 PSYoungGen      total 43008K, used 39232K [0x00000000eab00000, 0x00000000ee880000, 0x0000000100000000)
  eden space 38912K, 100% used [0x00000000eab00000,0x00000000ed100000,0x00000000ed100000)
  from space 4096K, 7% used [0x00000000ed100000,0x00000000ed150000,0x00000000ed500000)
  to   space 4096K, 0% used [0x00000000ee480000,0x00000000ee480000,0x00000000ee880000)
 ParOldGen       total 129536K, used 10686K [0x00000000c0000000, 0x00000000c7e80000, 0x00000000eab00000)
  object space 129536K, 8% used [0x00000000c0000000,0x00000000c0a6f960,0x00000000c7e80000)
 Metaspace       used 20034K, capacity 20302K, committed 20608K, reserved 1067008K
  class space    used 2758K, capacity 2861K, committed 2944K, reserved 1048576K
Event: 2.931 GC heap after
Heap after GC invocations=20 (full 0):
 PSYoungGen      total 58880K, used 224K [0x00000000eab00000, 0x00000000ee880000, 0x0000000100000000)
  eden space 54784K, 0% used [0x00000000eab00000,0x00000000eab00000,0x00000000ee080000)
  from space 4096K, 5% used [0x00000000ee480000,0x00000000ee4b8000,0x00000000ee880000)
  to   space 4096K, 0% used [0x00000000ee080000,0x00000000ee080000,0x00000000ee480000)
 ParOldGen       total 129536K, used 10910K [0x00000000c0000000, 0x00000000c7e80000, 0x00000000eab00000)
  object space 129536K, 8% used [0x00000000c0000000,0x00000000c0aa7970,0x00000000c7e80000)
 Metaspace       used 20034K, capacity 20302K, committed 20608K, reserved 1067008K
  class space    used 2758K, capacity 2861K, committed 2944K, reserved 1048576K
}
Event: 3.104 GC heap before
{Heap before GC invocations=21 (full 0):
 PSYoungGen      total 58880K, used 22477K [0x00000000eab00000, 0x00000000ee880000, 0x0000000100000000)
  eden space 54784K, 40% used [0x00000000eab00000,0x00000000ec0bb498,0x00000000ee080000)
  from space 4096K, 5% used [0x00000000ee480000,0x00000000ee4b8000,0x00000000ee880000)
  to   space 4096K, 0% used [0x00000000ee080000,0x00000000ee080000,0x00000000ee480000)
 ParOldGen       total 129536K, used 10910K [0x00000000c0000000, 0x00000000c7e80000, 0x00000000eab00000)
  object space 129536K, 8% used [0x00000000c0000000,0x00000000c0aa7970,0x00000000c7e80000)
 Metaspace       used 20948K, capacity 21204K, committed 21296K, reserved 1067008K
  class space    used 2840K, capacity 2926K, committed 2944K, reserved 1048576K
Event: 3.107 GC heap after
Heap after GC invocations=21 (full 0):
 PSYoungGen      total 58880K, used 1605K [0x00000000eab00000, 0x00000000efe00000, 0x0000000100000000)
  eden space 54784K, 0% used [0x00000000eab00000,0x00000000eab00000,0x00000000ee080000)
  from space 4096K, 39% used [0x00000000ee080000,0x00000000ee211488,0x00000000ee480000)
  to   space 4096K, 0% used [0x00000000efa00000,0x00000000efa00000,0x00000000efe00000)
 ParOldGen       total 129536K, used 11126K [0x00000000c0000000, 0x00000000c7e80000, 0x00000000eab00000)
  object space 129536K, 8% used [0x00000000c0000000,0x00000000c0add970,0x00000000c7e80000)
 Metaspace       used 20948K, capacity 21204K, committed 21296K, reserved 1067008K
  class space    used 2840K, capacity 2926K, committed 2944K, reserved 1048576K
}
Event: 3.107 GC heap before
{Heap before GC invocations=22 (full 1):
 PSYoungGen      total 58880K, used 1605K [0x00000000eab00000, 0x00000000efe00000, 0x0000000100000000)
  eden space 54784K, 0% used [0x00000000eab00000,0x00000000eab00000,0x00000000ee080000)
  from space 4096K, 39% used [0x00000000ee080000,0x00000000ee211488,0x00000000ee480000)
  to   space 4096K, 0% used [0x00000000efa00000,0x00000000efa00000,0x00000000efe00000)
 ParOldGen       total 129536K, used 11126K [0x00000000c0000000, 0x00000000c7e80000, 0x00000000eab00000)
  object space 129536K, 8% used [0x00000000c0000000,0x00000000c0add970,0x00000000c7e80000)
 Metaspace       used 20948K, capacity 21204K, committed 21296K, reserved 1067008K
  class space    used 2840K, capacity 2926K, committed 2944K, reserved 1048576K
Event: 3.151 GC heap after
Heap after GC invocations=22 (full 1):
 PSYoungGen      total 58880K, used 0K [0x00000000eab00000, 0x00000000efe00000, 0x0000000100000000)
  eden space 54784K, 0% used [0x00000000eab00000,0x00000000eab00000,0x00000000ee080000)
  from space 4096K, 0% used [0x00000000ee080000,0x00000000ee080000,0x00000000ee480000)
  to   space 4096K, 0% used [0x00000000efa00000,0x00000000efa00000,0x00000000efe00000)
 ParOldGen       total 11264K, used 8385K [0x00000000c0000000, 0x00000000c0b00000, 0x00000000eab00000)
  object space 11264K, 74% used [0x00000000c0000000,0x00000000c08305b8,0x00000000c0b00000)
 Metaspace       used 20948K, capacity 21204K, committed 21296K, reserved 1067008K
  class space    used 2840K, capacity 2926K, committed 2944K, reserved 1048576K
}
Event: 4.103 GC heap before
{Heap before GC invocations=23 (full 1):
 PSYoungGen      total 58880K, used 54784K [0x00000000eab00000, 0x00000000efe00000, 0x0000000100000000)
  eden space 54784K, 100% used [0x00000000eab00000,0x00000000ee080000,0x00000000ee080000)
  from space 4096K, 0% used [0x00000000ee080000,0x00000000ee080000,0x00000000ee480000)
  to   space 4096K, 0% used [0x00000000efa00000,0x00000000efa00000,0x00000000efe00000)
 ParOldGen       total 11264K, used 8385K [0x00000000c0000000, 0x00000000c0b00000, 0x00000000eab00000)
  object space 11264K, 74% used [0x00000000c0000000,0x00000000c08305b8,0x00000000c0b00000)
 Metaspace       used 24253K, capacity 24822K, committed 24960K, reserved 1071104K
  class space    used 3258K, capacity 3431K, committed 3456K, reserved 1048576K
Event: 4.107 GC heap after
Heap after GC invocations=23 (full 1):
 PSYoungGen      total 68608K, used 4086K [0x00000000eab00000, 0x00000000efe00000, 0x0000000100000000)
  eden space 64512K, 0% used [0x00000000eab00000,0x00000000eab00000,0x00000000eea00000)
  from space 4096K, 99% used [0x00000000efa00000,0x00000000efdfd968,0x00000000efe00000)
  to   space 5632K, 0% used [0x00000000ef300000,0x00000000ef300000,0x00000000ef880000)
 ParOldGen       total 11264K, used 10610K [0x00000000c0000000, 0x00000000c0b00000, 0x00000000eab00000)
  object space 11264K, 94% used [0x00000000c0000000,0x00000000c0a5c988,0x00000000c0b00000)
 Metaspace       used 24253K, capacity 24822K, committed 24960K, reserved 1071104K
  class space    used 3258K, capacity 3431K, committed 3456K, reserved 1048576K
}
Event: 4.107 GC heap before
{Heap before GC invocations=24 (full 2):
 PSYoungGen      total 68608K, used 4086K [0x00000000eab00000, 0x00000000efe00000, 0x0000000100000000)
  eden space 64512K, 0% used [0x00000000eab00000,0x00000000eab00000,0x00000000eea00000)
  from space 4096K, 99% used [0x00000000efa00000,0x00000000efdfd968,0x00000000efe00000)
  to   space 5632K, 0% used [0x00000000ef300000,0x00000000ef300000,0x00000000ef880000)
 ParOldGen       total 11264K, used 10610K [0x00000000c0000000, 0x00000000c0b00000, 0x00000000eab00000)
  object space 11264K, 94% used [0x00000000c0000000,0x00000000c0a5c988,0x00000000c0b00000)
 Metaspace       used 24253K, capacity 24822K, committed 24960K, reserved 1071104K
  class space    used 3258K, capacity 3431K, committed 3456K, reserved 1048576K
Event: 4.205 GC heap after
Heap after GC invocations=24 (full 2):
 PSYoungGen      total 68608K, used 2402K [0x00000000eab00000, 0x00000000efe00000, 0x0000000100000000)
  eden space 64512K, 0% used [0x00000000eab00000,0x00000000eab00000,0x00000000eea00000)
  from space 4096K, 58% used [0x00000000efa00000,0x00000000efc58a20,0x00000000efe00000)
  to   space 5632K, 0% used [0x00000000ef300000,0x00000000ef300000,0x00000000ef880000)
 ParOldGen       total 15872K, used 11144K [0x00000000c0000000, 0x00000000c0f80000, 0x00000000eab00000)
  object space 15872K, 70% used [0x00000000c0000000,0x00000000c0ae21b0,0x00000000c0f80000)
 Metaspace       used 24253K, capacity 24822K, committed 24960K, reserved 1071104K
  class space    used 3258K, capacity 3431K, committed 3456K, reserved 1048576K
}

