# JRE version: Java(TM) SE Runtime Environment (8.0_11-b12) (build 1.8.0_11-b12)
# Java VM: Java HotSpot(TM) 64-Bit Server VM (25.11-b03 mixed mode windows-amd64 compressed oops)
Heap:
 PSYoungGen      total 71168K, used 58494K [0x00000000eab00000, 0x00000000ef600000, 0x0000000100000000)
  eden space 65536K, 85% used [0x00000000eab00000,0x00000000ee1b7850,0x00000000eeb00000)
  from space 5632K, 43% used [0x00000000ef080000,0x00000000ef2e8020,0x00000000ef600000)
  to   space 5632K, 0% used [0x00000000eeb00000,0x00000000eeb00000,0x00000000ef080000)
 ParOldGen       total 18944K, used 13229K [0x00000000c0000000, 0x00000000c1280000, 0x00000000eab00000)
  object space 18944K, 69% used [0x00000000c0000000,0x00000000c0ceb6b0,0x00000000c1280000)
 Metaspace       used 29509K, capacity 30480K, committed 30720K, reserved 1075200K
  class space    used 3943K, capacity 4244K, committed 4352K, reserved 1048576K
GC Heap History (10 events):
Event: 9.232 GC heap before
{Heap before GC invocations=27 (full 2):
 PSYoungGen      total 60416K, used 60256K [0x00000000eab00000, 0x00000000ef000000, 0x0000000100000000)
  eden space 59904K, 100% used [0x00000000eab00000,0x00000000ee580000,0x00000000ee580000)
  from space 512K, 68% used [0x00000000eef80000,0x00000000eefd8000,0x00000000ef000000)
  to   space 4096K, 0% used [0x00000000ee800000,0x00000000ee800000,0x00000000eec00000)
 ParOldGen       total 13312K, used 9238K [0x00000000c0000000, 0x00000000c0d00000, 0x00000000eab00000)
  object space 13312K, 69% used [0x00000000c0000000,0x00000000c0905a90,0x00000000c0d00000)
 Metaspace       used 22738K, capacity 23464K, committed 23808K, reserved 1069056K
  class space    used 2997K, capacity 3250K, committed 3328K, reserved 1048576K
Event: 9.235 GC heap after
Heap after GC invocations=27 (full 2):
 PSYoungGen      total 66560K, used 2482K [0x00000000eab00000, 0x00000000ef100000, 0x0000000100000000)
  eden space 62464K, 0% used [0x00000000eab00000,0x00000000eab00000,0x00000000ee800000)
  from space 4096K, 60% used [0x00000000ee800000,0x00000000eea6cbc8,0x00000000eec00000)
  to   space 4096K, 0% used [0x00000000eed00000,0x00000000eed00000,0x00000000ef100000)
 ParOldGen       total 13312K, used 9246K [0x00000000c0000000, 0x00000000c0d00000, 0x00000000eab00000)
  object space 13312K, 69% used [0x00000000c0000000,0x00000000c0907a90,0x00000000c0d00000)
 Metaspace       used 22738K, capacity 23464K, committed 23808K, reserved 1069056K
  class space    used 2997K, capacity 3250K, committed 3328K, reserved 1048576K
}
Event: 9.892 GC heap before
{Heap before GC invocations=28 (full 2):
 PSYoungGen      total 66560K, used 64946K [0x00000000eab00000, 0x00000000ef100000, 0x0000000100000000)
  eden space 62464K, 100% used [0x00000000eab00000,0x00000000ee800000,0x00000000ee800000)
  from space 4096K, 60% used [0x00000000ee800000,0x00000000eea6cbc8,0x00000000eec00000)
  to   space 4096K, 0% used [0x00000000eed00000,0x00000000eed00000,0x00000000ef100000)
 ParOldGen       total 13312K, used 9246K [0x00000000c0000000, 0x00000000c0d00000, 0x00000000eab00000)
  object space 13312K, 69% used [0x00000000c0000000,0x00000000c0907a90,0x00000000c0d00000)
 Metaspace       used 24058K, capacity 24804K, committed 24960K, reserved 1071104K
  class space    used 3213K, capacity 3455K, committed 3456K, reserved 1048576K
Event: 9.902 GC heap after
Heap after GC invocations=28 (full 2):
 PSYoungGen      total 66048K, used 4064K [0x00000000eab00000, 0x00000000ef780000, 0x0000000100000000)
  eden space 61952K, 0% used [0x00000000eab00000,0x00000000eab00000,0x00000000ee780000)
  from space 4096K, 99% used [0x00000000eed00000,0x00000000ef0f8020,0x00000000ef100000)
  to   space 5632K, 0% used [0x00000000ee780000,0x00000000ee780000,0x00000000eed00000)
 ParOldGen       total 13312K, used 11360K [0x00000000c0000000, 0x00000000c0d00000, 0x00000000eab00000)
  object space 13312K, 85% used [0x00000000c0000000,0x00000000c0b18378,0x00000000c0d00000)
 Metaspace       used 24058K, capacity 24804K, committed 24960K, reserved 1071104K
  class space    used 3213K, capacity 3455K, committed 3456K, reserved 1048576K
}
Event: 9.902 GC heap before
{Heap before GC invocations=29 (full 3):
 PSYoungGen      total 66048K, used 4064K [0x00000000eab00000, 0x00000000ef780000, 0x0000000100000000)
  eden space 61952K, 0% used [0x00000000eab00000,0x00000000eab00000,0x00000000ee780000)
  from space 4096K, 99% used [0x00000000eed00000,0x00000000ef0f8020,0x00000000ef100000)
  to   space 5632K, 0% used [0x00000000ee780000,0x00000000ee780000,0x00000000eed00000)
 ParOldGen       total 13312K, used 11360K [0x00000000c0000000, 0x00000000c0d00000, 0x00000000eab00000)
  object space 13312K, 85% used [0x00000000c0000000,0x00000000c0b18378,0x00000000c0d00000)
 Metaspace       used 24058K, capacity 24804K, committed 24960K, reserved 1071104K
  class space    used 3213K, capacity 3455K, committed 3456K, reserved 1048576K
Event: 10.031 GC heap after
Heap after GC invocations=29 (full 3):
 PSYoungGen      total 66048K, used 1996K [0x00000000eab00000, 0x00000000ef780000, 0x0000000100000000)
  eden space 61952K, 0% used [0x00000000eab00000,0x00000000eab00000,0x00000000ee780000)
  from space 4096K, 48% used [0x00000000eed00000,0x00000000eeef3268,0x00000000ef100000)
  to   space 5632K, 0% used [0x00000000ee780000,0x00000000ee780000,0x00000000eed00000)
 ParOldGen       total 18944K, used 13077K [0x00000000c0000000, 0x00000000c1280000, 0x00000000eab00000)
  object space 18944K, 69% used [0x00000000c0000000,0x00000000c0cc56b0,0x00000000c1280000)
 Metaspace       used 24058K, capacity 24804K, committed 24960K, reserved 1071104K
  class space    used 3213K, capacity 3455K, committed 3456K, reserved 1048576K
}
Event: 10.228 GC heap before
{Heap before GC invocations=30 (full 3):
 PSYoungGen      total 66048K, used 63948K [0x00000000eab00000, 0x00000000ef780000, 0x0000000100000000)
  eden space 61952K, 100% used [0x00000000eab00000,0x00000000ee780000,0x00000000ee780000)
  from space 4096K, 48% used [0x00000000eed00000,0x00000000eeef3268,0x00000000ef100000)
  to   space 5632K, 0% used [0x00000000ee780000,0x00000000ee780000,0x00000000eed00000)
 ParOldGen       total 18944K, used 13077K [0x00000000c0000000, 0x00000000c1280000, 0x00000000eab00000)
  object space 18944K, 69% used [0x00000000c0000000,0x00000000c0cc56b0,0x00000000c1280000)
 Metaspace       used 24058K, capacity 24804K, committed 24960K, reserved 1071104K
  class space    used 3213K, capacity 3455K, committed 3456K, reserved 1048576K
Event: 10.233 GC heap after
Heap after GC invocations=30 (full 3):
 PSYoungGen      total 67584K, used 2240K [0x00000000eab00000, 0x00000000ef600000, 0x0000000100000000)
  eden space 61952K, 0% used [0x00000000eab00000,0x00000000eab00000,0x00000000ee780000)
  from space 5632K, 39% used [0x00000000ee780000,0x00000000ee9b0020,0x00000000eed00000)
  to   space 5632K, 0% used [0x00000000ef080000,0x00000000ef080000,0x00000000ef600000)
 ParOldGen       total 18944K, used 13229K [0x00000000c0000000, 0x00000000c1280000, 0x00000000eab00000)
  object space 18944K, 69% used [0x00000000c0000000,0x00000000c0ceb6b0,0x00000000c1280000)
 Metaspace       used 24058K, capacity 24804K, committed 24960K, reserved 1071104K
  class space    used 3213K, capacity 3455K, committed 3456K, reserved 1048576K
}
Event: 10.425 GC heap before
{Heap before GC invocations=31 (full 3):
 PSYoungGen      total 67584K, used 64192K [0x00000000eab00000, 0x00000000ef600000, 0x0000000100000000)
  eden space 61952K, 100% used [0x00000000eab00000,0x00000000ee780000,0x00000000ee780000)
  from space 5632K, 39% used [0x00000000ee780000,0x00000000ee9b0020,0x00000000eed00000)
  to   space 5632K, 0% used [0x00000000ef080000,0x00000000ef080000,0x00000000ef600000)
 ParOldGen       total 18944K, used 13229K [0x00000000c0000000, 0x00000000c1280000, 0x00000000eab00000)
  object space 18944K, 69% used [0x00000000c0000000,0x00000000c0ceb6b0,0x00000000c1280000)
 Metaspace       used 24058K, capacity 24804K, committed 24960K, reserved 1071104K
  class space    used 3213K, capacity 3455K, committed 3456K, reserved 1048576K
Event: 10.428 GC heap after
Heap after GC invocations=31 (full 3):
 PSYoungGen      total 71168K, used 2464K [0x00000000eab00000, 0x00000000ef600000, 0x0000000100000000)
  eden space 65536K, 0% used [0x00000000eab00000,0x00000000eab00000,0x00000000eeb00000)
  from space 5632K, 43% used [0x00000000ef080000,0x00000000ef2e8020,0x00000000ef600000)
  to   space 5632K, 0% used [0x00000000eeb00000,0x00000000eeb00000,0x00000000ef080000)
 ParOldGen       total 18944K, used 13229K [0x00000000c0000000, 0x00000000c1280000, 0x00000000eab00000)
  object space 18944K, 69% used [0x00000000c0000000,0x00000000c0ceb6b0,0x00000000c1280000)
 Metaspace       used 24058K, capacity 24804K, committed 24960K, reserved 1071104K
  class space    used 3213K, capacity 3455K, committed 3456K, reserved 1048576K
}

