# JRE version: Java(TM) SE Runtime Environment (8.0_11-b12) (build 1.8.0_11-b12)
# Java VM: Java HotSpot(TM) 64-Bit Server VM (25.11-b03 mixed mode windows-amd64 compressed oops)
Heap:
 PSYoungGen      total 100352K, used 16878K [0x00000000eab00000, 0x00000000f1980000, 0x0000000100000000)
  eden space 96256K, 15% used [0x00000000eab00000,0x00000000eba08330,0x00000000f0900000)
  from space 4096K, 36% used [0x00000000f1000000,0x00000000f1173500,0x00000000f1400000)
  to   space 7168K, 0% used [0x00000000f0900000,0x00000000f0900000,0x00000000f1000000)
 ParOldGen       total 22016K, used 16113K [0x00000000c0000000, 0x00000000c1580000, 0x00000000eab00000)
  object space 22016K, 73% used [0x00000000c0000000,0x00000000c0fbc7b8,0x00000000c1580000)
 Metaspace       used 29383K, capacity 30222K, committed 30336K, reserved 1075200K
  class space    used 3928K, capacity 4210K, committed 4224K, reserved 1048576K
GC Heap History (10 events):
Event: 2.759 GC heap before
{Heap before GC invocations=20 (full 1):
 PSYoungGen      total 76800K, used 72704K [0x00000000eab00000, 0x00000000efa00000, 0x0000000100000000)
  eden space 72704K, 100% used [0x00000000eab00000,0x00000000ef200000,0x00000000ef200000)
  from space 4096K, 0% used [0x00000000ef600000,0x00000000ef600000,0x00000000efa00000)
  to   space 4096K, 0% used [0x00000000ef200000,0x00000000ef200000,0x00000000ef600000)
 ParOldGen       total 10752K, used 7727K [0x00000000c0000000, 0x00000000c0a80000, 0x00000000eab00000)
  object space 10752K, 71% used [0x00000000c0000000,0x00000000c078bdc8,0x00000000c0a80000)
 Metaspace       used 22304K, capacity 22800K, committed 22912K, reserved 1069056K
  class space    used 2935K, capacity 3106K, committed 3200K, reserved 1048576K
Event: 2.762 GC heap after
Heap after GC invocations=20 (full 1):
 PSYoungGen      total 76800K, used 2414K [0x00000000eab00000, 0x00000000f0680000, 0x0000000100000000)
  eden space 72704K, 0% used [0x00000000eab00000,0x00000000eab00000,0x00000000ef200000)
  from space 4096K, 58% used [0x00000000ef200000,0x00000000ef45b8d8,0x00000000ef600000)
  to   space 4096K, 0% used [0x00000000f0280000,0x00000000f0280000,0x00000000f0680000)
 ParOldGen       total 10752K, used 7735K [0x00000000c0000000, 0x00000000c0a80000, 0x00000000eab00000)
  object space 10752K, 71% used [0x00000000c0000000,0x00000000c078ddc8,0x00000000c0a80000)
 Metaspace       used 22304K, capacity 22800K, committed 22912K, reserved 1069056K
  class space    used 2935K, capacity 3106K, committed 3200K, reserved 1048576K
}
Event: 2.981 GC heap before
{Heap before GC invocations=21 (full 1):
 PSYoungGen      total 76800K, used 75118K [0x00000000eab00000, 0x00000000f0680000, 0x0000000100000000)
  eden space 72704K, 100% used [0x00000000eab00000,0x00000000ef200000,0x00000000ef200000)
  from space 4096K, 58% used [0x00000000ef200000,0x00000000ef45b8d8,0x00000000ef600000)
  to   space 4096K, 0% used [0x00000000f0280000,0x00000000f0280000,0x00000000f0680000)
 ParOldGen       total 10752K, used 7735K [0x00000000c0000000, 0x00000000c0a80000, 0x00000000eab00000)
  object space 10752K, 71% used [0x00000000c0000000,0x00000000c078ddc8,0x00000000c0a80000)
 Metaspace       used 22307K, capacity 22800K, committed 22912K, reserved 1069056K
  class space    used 2935K, capacity 3106K, committed 3200K, reserved 1048576K
Event: 2.983 GC heap after
Heap after GC invocations=21 (full 1):
 PSYoungGen      total 88576K, used 2000K [0x00000000eab00000, 0x00000000f0600000, 0x0000000100000000)
  eden space 84992K, 0% used [0x00000000eab00000,0x00000000eab00000,0x00000000efe00000)
  from space 3584K, 55% used [0x00000000f0280000,0x00000000f0474010,0x00000000f0600000)
  to   space 4096K, 0% used [0x00000000efe00000,0x00000000efe00000,0x00000000f0200000)
 ParOldGen       total 10752K, used 7743K [0x00000000c0000000, 0x00000000c0a80000, 0x00000000eab00000)
  object space 10752K, 72% used [0x00000000c0000000,0x00000000c078fdc8,0x00000000c0a80000)
 Metaspace       used 22307K, capacity 22800K, committed 22912K, reserved 1069056K
  class space    used 2935K, capacity 3106K, committed 3200K, reserved 1048576K
}
Event: 3.186 GC heap before
{Heap before GC invocations=22 (full 1):
 PSYoungGen      total 88576K, used 86992K [0x00000000eab00000, 0x00000000f0600000, 0x0000000100000000)
  eden space 84992K, 100% used [0x00000000eab00000,0x00000000efe00000,0x00000000efe00000)
  from space 3584K, 55% used [0x00000000f0280000,0x00000000f0474010,0x00000000f0600000)
  to   space 4096K, 0% used [0x00000000efe00000,0x00000000efe00000,0x00000000f0200000)
 ParOldGen       total 10752K, used 7743K [0x00000000c0000000, 0x00000000c0a80000, 0x00000000eab00000)
  object space 10752K, 72% used [0x00000000c0000000,0x00000000c078fdc8,0x00000000c0a80000)
 Metaspace       used 22308K, capacity 22864K, committed 23168K, reserved 1069056K
  class space    used 2936K, capacity 3106K, committed 3200K, reserved 1048576K
Event: 3.188 GC heap after
Heap after GC invocations=22 (full 1):
 PSYoungGen      total 89088K, used 2544K [0x00000000eab00000, 0x00000000f1400000, 0x0000000100000000)
  eden space 84992K, 0% used [0x00000000eab00000,0x00000000eab00000,0x00000000efe00000)
  from space 4096K, 62% used [0x00000000efe00000,0x00000000f007c030,0x00000000f0200000)
  to   space 4096K, 0% used [0x00000000f1000000,0x00000000f1000000,0x00000000f1400000)
 ParOldGen       total 10752K, used 7751K [0x00000000c0000000, 0x00000000c0a80000, 0x00000000eab00000)
  object space 10752K, 72% used [0x00000000c0000000,0x00000000c0791dc8,0x00000000c0a80000)
 Metaspace       used 22308K, capacity 22864K, committed 23168K, reserved 1069056K
  class space    used 2936K, capacity 3106K, committed 3200K, reserved 1048576K
}
Event: 3.866 GC heap before
{Heap before GC invocations=23 (full 1):
 PSYoungGen      total 89088K, used 87536K [0x00000000eab00000, 0x00000000f1400000, 0x0000000100000000)
  eden space 84992K, 100% used [0x00000000eab00000,0x00000000efe00000,0x00000000efe00000)
  from space 4096K, 62% used [0x00000000efe00000,0x00000000f007c030,0x00000000f0200000)
  to   space 4096K, 0% used [0x00000000f1000000,0x00000000f1000000,0x00000000f1400000)
 ParOldGen       total 10752K, used 7751K [0x00000000c0000000, 0x00000000c0a80000, 0x00000000eab00000)
  object space 10752K, 72% used [0x00000000c0000000,0x00000000c0791dc8,0x00000000c0a80000)
 Metaspace       used 27086K, capacity 27870K, committed 28032K, reserved 1073152K
  class space    used 3630K, capacity 3879K, committed 3968K, reserved 1048576K
Event: 3.873 GC heap after
Heap after GC invocations=23 (full 1):
 PSYoungGen      total 100352K, used 4064K [0x00000000eab00000, 0x00000000f1980000, 0x0000000100000000)
  eden space 96256K, 0% used [0x00000000eab00000,0x00000000eab00000,0x00000000f0900000)
  from space 4096K, 99% used [0x00000000f1000000,0x00000000f13f8050,0x00000000f1400000)
  to   space 7168K, 0% used [0x00000000f0900000,0x00000000f0900000,0x00000000f1000000)
 ParOldGen       total 16384K, used 14357K [0x00000000c0000000, 0x00000000c1000000, 0x00000000eab00000)
  object space 16384K, 87% used [0x00000000c0000000,0x00000000c0e05550,0x00000000c1000000)
 Metaspace       used 27086K, capacity 27870K, committed 28032K, reserved 1073152K
  class space    used 3630K, capacity 3879K, committed 3968K, reserved 1048576K
}
Event: 3.873 GC heap before
{Heap before GC invocations=24 (full 2):
 PSYoungGen      total 100352K, used 4064K [0x00000000eab00000, 0x00000000f1980000, 0x0000000100000000)
  eden space 96256K, 0% used [0x00000000eab00000,0x00000000eab00000,0x00000000f0900000)
  from space 4096K, 99% used [0x00000000f1000000,0x00000000f13f8050,0x00000000f1400000)
  to   space 7168K, 0% used [0x00000000f0900000,0x00000000f0900000,0x00000000f1000000)
 ParOldGen       total 16384K, used 14357K [0x00000000c0000000, 0x00000000c1000000, 0x00000000eab00000)
  object space 16384K, 87% used [0x00000000c0000000,0x00000000c0e05550,0x00000000c1000000)
 Metaspace       used 27086K, capacity 27870K, committed 28032K, reserved 1073152K
  class space    used 3630K, capacity 3879K, committed 3968K, reserved 1048576K
Event: 4.000 GC heap after
Heap after GC invocations=24 (full 2):
 PSYoungGen      total 100352K, used 1485K [0x00000000eab00000, 0x00000000f1980000, 0x0000000100000000)
  eden space 96256K, 0% used [0x00000000eab00000,0x00000000eab00000,0x00000000f0900000)
  from space 4096K, 36% used [0x00000000f1000000,0x00000000f1173500,0x00000000f1400000)
  to   space 7168K, 0% used [0x00000000f0900000,0x00000000f0900000,0x00000000f1000000)
 ParOldGen       total 22016K, used 16113K [0x00000000c0000000, 0x00000000c1580000, 0x00000000eab00000)
  object space 22016K, 73% used [0x00000000c0000000,0x00000000c0fbc7b8,0x00000000c1580000)
 Metaspace       used 27086K, capacity 27870K, committed 28032K, reserved 1073152K
  class space    used 3630K, capacity 3879K, committed 3968K, reserved 1048576K
}

