# JRE version: Java(TM) SE Runtime Environment (8.0_11-b12) (build 1.8.0_11-b12)
# Java VM: Java HotSpot(TM) 64-Bit Server VM (25.11-b03 mixed mode windows-amd64 compressed oops)
Heap:
 PSYoungGen      total 99840K, used 18288K [0x00000000eab00000, 0x00000000f1900000, 0x0000000100000000)
  eden space 95744K, 15% used [0x00000000eab00000,0x00000000eb9e6fb0,0x00000000f0880000)
  from space 4096K, 73% used [0x00000000f0f80000,0x00000000f1275240,0x00000000f1380000)
  to   space 7168K, 0% used [0x00000000f0880000,0x00000000f0880000,0x00000000f0f80000)
 ParOldGen       total 20480K, used 14559K [0x00000000c0000000, 0x00000000c1400000, 0x00000000eab00000)
  object space 20480K, 71% used [0x00000000c0000000,0x00000000c0e37f30,0x00000000c1400000)
 Metaspace       used 29388K, capacity 30180K, committed 30336K, reserved 1075200K
  class space    used 3938K, capacity 4211K, committed 4224K, reserved 1048576K
GC Heap History (10 events):
Event: 3.128 GC heap before
{Heap before GC invocations=20 (full 1):
 PSYoungGen      total 76800K, used 72704K [0x00000000eab00000, 0x00000000efa00000, 0x0000000100000000)
  eden space 72704K, 100% used [0x00000000eab00000,0x00000000ef200000,0x00000000ef200000)
  from space 4096K, 0% used [0x00000000ef600000,0x00000000ef600000,0x00000000efa00000)
  to   space 4096K, 0% used [0x00000000ef200000,0x00000000ef200000,0x00000000ef600000)
 ParOldGen       total 10752K, used 7805K [0x00000000c0000000, 0x00000000c0a80000, 0x00000000eab00000)
  object space 10752K, 72% used [0x00000000c0000000,0x00000000c079f748,0x00000000c0a80000)
 Metaspace       used 22313K, capacity 22822K, committed 23168K, reserved 1069056K
  class space    used 2940K, capacity 3107K, committed 3200K, reserved 1048576K
Event: 3.131 GC heap after
Heap after GC invocations=20 (full 1):
 PSYoungGen      total 76800K, used 2383K [0x00000000eab00000, 0x00000000f0600000, 0x0000000100000000)
  eden space 72704K, 0% used [0x00000000eab00000,0x00000000eab00000,0x00000000ef200000)
  from space 4096K, 58% used [0x00000000ef200000,0x00000000ef453e28,0x00000000ef600000)
  to   space 4096K, 0% used [0x00000000f0200000,0x00000000f0200000,0x00000000f0600000)
 ParOldGen       total 10752K, used 7813K [0x00000000c0000000, 0x00000000c0a80000, 0x00000000eab00000)
  object space 10752K, 72% used [0x00000000c0000000,0x00000000c07a1748,0x00000000c0a80000)
 Metaspace       used 22313K, capacity 22822K, committed 23168K, reserved 1069056K
  class space    used 2940K, capacity 3107K, committed 3200K, reserved 1048576K
}
Event: 3.362 GC heap before
{Heap before GC invocations=21 (full 1):
 PSYoungGen      total 76800K, used 75087K [0x00000000eab00000, 0x00000000f0600000, 0x0000000100000000)
  eden space 72704K, 100% used [0x00000000eab00000,0x00000000ef200000,0x00000000ef200000)
  from space 4096K, 58% used [0x00000000ef200000,0x00000000ef453e28,0x00000000ef600000)
  to   space 4096K, 0% used [0x00000000f0200000,0x00000000f0200000,0x00000000f0600000)
 ParOldGen       total 10752K, used 7813K [0x00000000c0000000, 0x00000000c0a80000, 0x00000000eab00000)
  object space 10752K, 72% used [0x00000000c0000000,0x00000000c07a1748,0x00000000c0a80000)
 Metaspace       used 22316K, capacity 22822K, committed 23168K, reserved 1069056K
  class space    used 2940K, capacity 3107K, committed 3200K, reserved 1048576K
Event: 3.365 GC heap after
Heap after GC invocations=21 (full 1):
 PSYoungGen      total 89088K, used 1968K [0x00000000eab00000, 0x00000000f0600000, 0x0000000100000000)
  eden space 84992K, 0% used [0x00000000eab00000,0x00000000eab00000,0x00000000efe00000)
  from space 4096K, 48% used [0x00000000f0200000,0x00000000f03ec010,0x00000000f0600000)
  to   space 4096K, 0% used [0x00000000efe00000,0x00000000efe00000,0x00000000f0200000)
 ParOldGen       total 10752K, used 7813K [0x00000000c0000000, 0x00000000c0a80000, 0x00000000eab00000)
  object space 10752K, 72% used [0x00000000c0000000,0x00000000c07a1748,0x00000000c0a80000)
 Metaspace       used 22316K, capacity 22822K, committed 23168K, reserved 1069056K
  class space    used 2940K, capacity 3107K, committed 3200K, reserved 1048576K
}
Event: 3.632 GC heap before
{Heap before GC invocations=22 (full 1):
 PSYoungGen      total 89088K, used 86960K [0x00000000eab00000, 0x00000000f0600000, 0x0000000100000000)
  eden space 84992K, 100% used [0x00000000eab00000,0x00000000efe00000,0x00000000efe00000)
  from space 4096K, 48% used [0x00000000f0200000,0x00000000f03ec010,0x00000000f0600000)
  to   space 4096K, 0% used [0x00000000efe00000,0x00000000efe00000,0x00000000f0200000)
 ParOldGen       total 10752K, used 7813K [0x00000000c0000000, 0x00000000c0a80000, 0x00000000eab00000)
  object space 10752K, 72% used [0x00000000c0000000,0x00000000c07a1748,0x00000000c0a80000)
 Metaspace       used 22317K, capacity 22822K, committed 23168K, reserved 1069056K
  class space    used 2941K, capacity 3107K, committed 3200K, reserved 1048576K
Event: 3.634 GC heap after
Heap after GC invocations=22 (full 1):
 PSYoungGen      total 89088K, used 2496K [0x00000000eab00000, 0x00000000f1380000, 0x0000000100000000)
  eden space 84992K, 0% used [0x00000000eab00000,0x00000000eab00000,0x00000000efe00000)
  from space 4096K, 60% used [0x00000000efe00000,0x00000000f0070020,0x00000000f0200000)
  to   space 4096K, 0% used [0x00000000f0f80000,0x00000000f0f80000,0x00000000f1380000)
 ParOldGen       total 10752K, used 7813K [0x00000000c0000000, 0x00000000c0a80000, 0x00000000eab00000)
  object space 10752K, 72% used [0x00000000c0000000,0x00000000c07a1748,0x00000000c0a80000)
 Metaspace       used 22317K, capacity 22822K, committed 23168K, reserved 1069056K
  class space    used 2941K, capacity 3107K, committed 3200K, reserved 1048576K
}
Event: 4.361 GC heap before
{Heap before GC invocations=23 (full 1):
 PSYoungGen      total 89088K, used 87488K [0x00000000eab00000, 0x00000000f1380000, 0x0000000100000000)
  eden space 84992K, 100% used [0x00000000eab00000,0x00000000efe00000,0x00000000efe00000)
  from space 4096K, 60% used [0x00000000efe00000,0x00000000f0070020,0x00000000f0200000)
  to   space 4096K, 0% used [0x00000000f0f80000,0x00000000f0f80000,0x00000000f1380000)
 ParOldGen       total 10752K, used 7813K [0x00000000c0000000, 0x00000000c0a80000, 0x00000000eab00000)
  object space 10752K, 72% used [0x00000000c0000000,0x00000000c07a1748,0x00000000c0a80000)
 Metaspace       used 27083K, capacity 27828K, committed 28032K, reserved 1073152K
  class space    used 3638K, capacity 3880K, committed 3968K, reserved 1048576K
Event: 4.369 GC heap after
Heap after GC invocations=23 (full 1):
 PSYoungGen      total 99840K, used 4084K [0x00000000eab00000, 0x00000000f1900000, 0x0000000100000000)
  eden space 95744K, 0% used [0x00000000eab00000,0x00000000eab00000,0x00000000f0880000)
  from space 4096K, 99% used [0x00000000f0f80000,0x00000000f137d030,0x00000000f1380000)
  to   space 7168K, 0% used [0x00000000f0880000,0x00000000f0880000,0x00000000f0f80000)
 ParOldGen       total 14848K, used 14375K [0x00000000c0000000, 0x00000000c0e80000, 0x00000000eab00000)
  object space 14848K, 96% used [0x00000000c0000000,0x00000000c0e09e28,0x00000000c0e80000)
 Metaspace       used 27083K, capacity 27828K, committed 28032K, reserved 1073152K
  class space    used 3638K, capacity 3880K, committed 3968K, reserved 1048576K
}
Event: 4.369 GC heap before
{Heap before GC invocations=24 (full 2):
 PSYoungGen      total 99840K, used 4084K [0x00000000eab00000, 0x00000000f1900000, 0x0000000100000000)
  eden space 95744K, 0% used [0x00000000eab00000,0x00000000eab00000,0x00000000f0880000)
  from space 4096K, 99% used [0x00000000f0f80000,0x00000000f137d030,0x00000000f1380000)
  to   space 7168K, 0% used [0x00000000f0880000,0x00000000f0880000,0x00000000f0f80000)
 ParOldGen       total 14848K, used 14375K [0x00000000c0000000, 0x00000000c0e80000, 0x00000000eab00000)
  object space 14848K, 96% used [0x00000000c0000000,0x00000000c0e09e28,0x00000000c0e80000)
 Metaspace       used 27083K, capacity 27828K, committed 28032K, reserved 1073152K
  class space    used 3638K, capacity 3880K, committed 3968K, reserved 1048576K
Event: 4.501 GC heap after
Heap after GC invocations=24 (full 2):
 PSYoungGen      total 99840K, used 3028K [0x00000000eab00000, 0x00000000f1900000, 0x0000000100000000)
  eden space 95744K, 0% used [0x00000000eab00000,0x00000000eab00000,0x00000000f0880000)
  from space 4096K, 73% used [0x00000000f0f80000,0x00000000f1275240,0x00000000f1380000)
  to   space 7168K, 0% used [0x00000000f0880000,0x00000000f0880000,0x00000000f0f80000)
 ParOldGen       total 20480K, used 14559K [0x00000000c0000000, 0x00000000c1400000, 0x00000000eab00000)
  object space 20480K, 71% used [0x00000000c0000000,0x00000000c0e37f30,0x00000000c1400000)
 Metaspace       used 27083K, capacity 27828K, committed 28032K, reserved 1073152K
  class space    used 3638K, capacity 3880K, committed 3968K, reserved 1048576K
}

